Mon Jun 10 07:34:34 UTC 2019

ORB-SLAM2 Copyright (C) 2014-2016 Raul Mur-Artal, University of Zaragoza.
This program comes with ABSOLUTELY NO WARRANTY;
This is free software, and you are welcome to redistribute it
under certain conditions. See LICENSE.txt.

Input sensor was set to: Stereo

Loading ORB Vocabulary. This could take a while...
Vocabulary loaded!


Camera Parameters: 
- fx: 707.091
- fy: 707.091
- cx: 601.887
- cy: 183.11
- k1: 0
- k2: 0
- p1: 0
- p2: 0
- fps: 10
- color order: RGB (ignored if grayscale)

ORB Extractor Parameters: 
- Number of Features: 2000
- Scale Levels: 8
- Scale Factor: 1.2
- Initial Fast Threshold: 12
- Minimum Fast Threshold: 7

Depth Threshold (Close/Far Points): 21.486
New map created with 991 points
-----
Start processing sequence ...
Images in the sequence: 1201
-----
median tracking time: 0.1761035919189453
mean tracking time: 0.17738263890904055
